2026-04-17 14:43:16 [INFO] GET /jobs/queue
2026-04-17 14:43:17 [INFO] GET /jobs/b3f35c8b-d88d-4fd1-baa2-24612bb91389
2026-04-17 14:43:19 [INFO] GET /jobs/b3f35c8b-d88d-4fd1-baa2-24612bb91389
2026-04-17 14:43:21 [INFO] GET /jobs/queue
2026-04-17 14:43:21 [INFO] GET /jobs/b3f35c8b-d88d-4fd1-baa2-24612bb91389
2026-04-17 14:43:23 [INFO] GET /jobs/b3f35c8b-d88d-4fd1-baa2-24612bb91389
2026-04-17 14:43:25 [INFO] GET /jobs/b3f35c8b-d88d-4fd1-baa2-24612bb91389
2026-04-17 14:43:26 [INFO] GET /jobs/queue
2026-04-17 14:43:27 [INFO] GET /jobs/b3f35c8b-d88d-4fd1-baa2-24612bb91389
2026-04-17 14:43:29 [INFO] GET /jobs/b3f35c8b-d88d-4fd1-baa2-24612bb91389
2026-04-17 14:43:31 [INFO] GET /jobs/queue
2026-04-17 14:43:31 [INFO] GET /jobs/b3f35c8b-d88d-4fd1-baa2-24612bb91389
2026-04-17 14:43:33 [INFO] GET /jobs/b3f35c8b-d88d-4fd1-baa2-24612bb91389
2026-04-17 14:43:35 [INFO] GET /jobs/b3f35c8b-d88d-4fd1-baa2-24612bb91389
2026-04-17 14:43:36 [INFO] GET /jobs/queue
2026-04-17 14:43:37 [INFO] GET /jobs/b3f35c8b-d88d-4fd1-baa2-24612bb91389
2026-04-17 14:43:39 [INFO] GET /jobs/b3f35c8b-d88d-4fd1-baa2-24612bb91389
2026-04-17 14:43:41 [INFO] GET /jobs/queue
2026-04-17 14:43:41 [INFO] GET /jobs/b3f35c8b-d88d-4fd1-baa2-24612bb91389
2026-04-17 14:43:43 [INFO] GET /jobs/b3f35c8b-d88d-4fd1-baa2-24612bb91389
2026-04-17 14:43:45 [INFO] GET /jobs/b3f35c8b-d88d-4fd1-baa2-24612bb91389
2026-04-17 14:43:46 [INFO] GET /jobs/queue
2026-04-17 14:43:47 [INFO] GET /jobs/b3f35c8b-d88d-4fd1-baa2-24612bb91389
2026-04-17 14:43:49 [INFO] GET /jobs/b3f35c8b-d88d-4fd1-baa2-24612bb91389
2026-04-17 14:43:51 [INFO] GET /jobs/queue
2026-04-17 14:43:51 [INFO] GET /jobs/b3f35c8b-d88d-4fd1-baa2-24612bb91389
2026-04-17 14:43:53 [INFO] GET /jobs/b3f35c8b-d88d-4fd1-baa2-24612bb91389
2026-04-17 14:43:55 [INFO] GET /jobs/b3f35c8b-d88d-4fd1-baa2-24612bb91389
2026-04-17 14:43:56 [INFO] GET /jobs/queue
2026-04-17 14:43:57 [INFO] GET /jobs/b3f35c8b-d88d-4fd1-baa2-24612bb91389
2026-04-17 14:43:59 [INFO] GET /jobs/b3f35c8b-d88d-4fd1-baa2-24612bb91389
2026-04-17 14:44:01 [INFO] GET /jobs/queue
2026-04-17 14:44:01 [INFO] GET /jobs/b3f35c8b-d88d-4fd1-baa2-24612bb91389
2026-04-17 14:44:03 [INFO] GET /jobs/b3f35c8b-d88d-4fd1-baa2-24612bb91389
2026-04-17 14:44:05 [INFO] GET /jobs/b3f35c8b-d88d-4fd1-baa2-24612bb91389
2026-04-17 14:44:06 [INFO] GET /jobs/queue
2026-04-17 14:44:07 [INFO] GET /jobs/b3f35c8b-d88d-4fd1-baa2-24612bb91389
2026-04-17 14:44:09 [INFO] GET /jobs/b3f35c8b-d88d-4fd1-baa2-24612bb91389
2026-04-17 14:44:11 [INFO] GET /jobs/queue
2026-04-17 14:44:11 [INFO] GET /jobs/b3f35c8b-d88d-4fd1-baa2-24612bb91389
2026-04-17 14:44:13 [INFO] GET /jobs/b3f35c8b-d88d-4fd1-baa2-24612bb91389
2026-04-17 14:44:15 [INFO] GET /jobs/b3f35c8b-d88d-4fd1-baa2-24612bb91389
2026-04-17 14:44:16 [INFO] GET /jobs/queue
2026-04-17 14:44:17 [INFO] GET /jobs/b3f35c8b-d88d-4fd1-baa2-24612bb91389
2026-04-17 14:44:19 [INFO] GET /jobs/b3f35c8b-d88d-4fd1-baa2-24612bb91389
2026-04-17 14:44:21 [INFO] GET /jobs/queue
2026-04-17 14:44:21 [INFO] GET /jobs/b3f35c8b-d88d-4fd1-baa2-24612bb91389
2026-04-17 14:44:23 [INFO] GET /jobs/b3f35c8b-d88d-4fd1-baa2-24612bb91389
2026-04-17 14:44:25 [INFO] GET /jobs/b3f35c8b-d88d-4fd1-baa2-24612bb91389
2026-04-17 14:44:26 [INFO] GET /jobs/queue
2026-04-17 14:44:27 [INFO] GET /jobs/b3f35c8b-d88d-4fd1-baa2-24612bb91389
2026-04-17 14:44:29 [INFO] GET /jobs/b3f35c8b-d88d-4fd1-baa2-24612bb91389
2026-04-17 14:44:31 [INFO] GET /jobs/queue
2026-04-17 14:44:31 [INFO] GET /jobs/b3f35c8b-d88d-4fd1-baa2-24612bb91389
2026-04-17 14:44:33 [INFO] GET /jobs/b3f35c8b-d88d-4fd1-baa2-24612bb91389
2026-04-17 14:44:35 [INFO] GET /jobs/b3f35c8b-d88d-4fd1-baa2-24612bb91389
2026-04-17 14:44:36 [INFO] GET /jobs/queue
2026-04-17 14:44:37 [INFO] GET /jobs/b3f35c8b-d88d-4fd1-baa2-24612bb91389
2026-04-17 14:44:39 [INFO] GET /jobs/b3f35c8b-d88d-4fd1-baa2-24612bb91389
2026-04-17 14:44:40 [INFO] GET /
2026-04-17 14:44:40 [INFO] GET /style.css
2026-04-17 14:44:40 [INFO] GET /js/app.js
2026-04-17 14:44:40 [INFO] GET /bookstack_lektorat_icon.svg
2026-04-17 14:44:41 [INFO] GET /js/utils.js
2026-04-17 14:44:41 [INFO] GET /js/prompts.js
2026-04-17 14:44:41 [INFO] GET /js/api-bookstack.js
2026-04-17 14:44:41 [INFO] GET /js/api-ai.js
2026-04-17 14:44:41 [INFO] GET /js/history.js
2026-04-17 14:44:41 [INFO] GET /js/lektorat.js
2026-04-17 14:44:41 [INFO] GET /js/tree.js
2026-04-17 14:44:41 [INFO] GET /js/review.js
2026-04-17 14:44:41 [INFO] GET /js/figuren.js
2026-04-17 14:44:41 [INFO] GET /js/ereignisse.js
2026-04-17 14:44:41 [INFO] GET /js/graph.js
2026-04-17 14:44:41 [INFO] GET /js/bookstats.js
2026-04-17 14:44:41 [INFO] GET /js/chat.js
2026-04-17 14:44:41 [INFO] GET /js/szenen.js
2026-04-17 14:44:41 [INFO] GET /js/book-chat.js
2026-04-17 14:44:41 [INFO] GET /js/orte.js
2026-04-17 14:44:41 [INFO] GET /js/kontinuitaet.js
2026-04-17 14:44:41 [INFO] GET /js/book-settings.js
2026-04-17 14:44:41 [INFO] GET /js/page-view.js
2026-04-17 14:44:41 [INFO] GET /js/chat-base.js
2026-04-17 14:44:41 [INFO] GET /partials/buchreview.html
2026-04-17 14:44:41 [INFO] GET /partials/figuren.html
2026-04-17 14:44:41 [INFO] GET /partials/szenen.html
2026-04-17 14:44:41 [INFO] GET /partials/ereignisse.html
2026-04-17 14:44:41 [INFO] GET /partials/orte.html
2026-04-17 14:44:41 [INFO] GET /partials/kontinuitaet.html
2026-04-17 14:44:41 [INFO] GET /partials/bookstats.html
2026-04-17 14:44:41 [INFO] GET /partials/editor.html
2026-04-17 14:44:41 [INFO] GET /partials/chat.html
2026-04-17 14:44:41 [INFO] GET /partials/book-settings.html
2026-04-17 14:44:41 [INFO] GET /bookstack_lektorat_icon.ico
2026-04-17 14:44:41 [INFO] GET /config
2026-04-17 14:44:41 [INFO] GET /api/books
2026-04-17 14:44:41 [INFO] GET /api/chapters
2026-04-17 14:44:41 [INFO] GET /api/pages
2026-04-17 14:44:41 [INFO] POST /sync/pages/1
2026-04-17 14:44:41 [INFO] GET /sync/pages/1
2026-04-17 14:44:41 [INFO] GET /history/page-stats/1
2026-04-17 14:44:41 [INFO] GET /history/review/1
2026-04-17 14:44:41 [INFO] GET /figures/1
2026-04-17 14:44:41 [INFO] GET /jobs/last-run
2026-04-17 14:44:41 [INFO] GET /api/pages/3
2026-04-17 14:44:41 [INFO] GET /api/pages/2
2026-04-17 14:44:41 [INFO] GET /api/pages/5
2026-04-17 14:44:41 [INFO] GET /api/pages/17
2026-04-17 14:44:41 [INFO] GET /api/pages/23
2026-04-17 14:44:42 [INFO] pages-Cache Buch 1: 25 Seiten, 0 Vorschau(en) nachgeladen.
2026-04-17 14:44:42 [INFO] GET /jobs/queue
2026-04-17 14:44:42 [INFO] GET /jobs/active
2026-04-17 14:44:42 [INFO] POST /history/page-stats/batch
2026-04-17 14:44:42 [INFO] GET /api/pages/37
2026-04-17 14:44:42 [INFO] GET /api/pages/54
2026-04-17 14:44:42 [INFO] GET /api/pages/56
2026-04-17 14:44:42 [INFO] GET /api/pages/62
2026-04-17 14:44:42 [INFO] GET /api/pages/8
2026-04-17 14:44:42 [INFO] POST /history/page-stats/batch
2026-04-17 14:44:42 [INFO] GET /api/pages/10
2026-04-17 14:44:42 [INFO] GET /api/pages/25
2026-04-17 14:44:42 [INFO] GET /api/pages/28
2026-04-17 14:44:42 [INFO] GET /api/pages/38
2026-04-17 14:44:42 [INFO] GET /api/pages/49
2026-04-17 14:44:44 [INFO] GET /jobs/b3f35c8b-d88d-4fd1-baa2-24612bb91389
2026-04-17 14:44:44 [INFO] POST /history/page-stats/batch
2026-04-17 14:44:44 [INFO] GET /api/pages/59
2026-04-17 14:44:44 [INFO] GET /api/pages/12
2026-04-17 14:44:44 [INFO] GET /api/pages/16
2026-04-17 14:44:44 [INFO] GET /api/pages/24
2026-04-17 14:44:44 [INFO] GET /api/pages/27
2026-04-17 14:44:45 [INFO] POST /history/page-stats/batch
2026-04-17 14:44:45 [INFO] GET /api/pages/29
2026-04-17 14:44:45 [INFO] GET /api/pages/55
2026-04-17 14:44:45 [INFO] GET /api/pages/20
2026-04-17 14:44:45 [INFO] GET /api/pages/26
2026-04-17 14:44:45 [INFO] GET /api/pages/22
2026-04-17 14:44:46 [INFO] GET /jobs/b3f35c8b-d88d-4fd1-baa2-24612bb91389
2026-04-17 14:44:46 [INFO] POST /history/page-stats/batch
2026-04-17 14:44:46 [INFO] GET /jobs/queue
2026-04-17 14:44:47 [INFO] GET /jobs/active
2026-04-17 14:44:47 [INFO] GET /api/pages/56
2026-04-17 14:44:47 [INFO] GET /figures/chapter/1/4
2026-04-17 14:44:47 [INFO] GET /history/page/56
2026-04-17 14:44:48 [INFO] GET /jobs/b3f35c8b-d88d-4fd1-baa2-24612bb91389
2026-04-17 14:44:50 [INFO] GET /jobs/b3f35c8b-d88d-4fd1-baa2-24612bb91389
2026-04-17 14:44:51 [INFO] GET /jobs/queue
2026-04-17 14:44:52 [INFO] GET /jobs/b3f35c8b-d88d-4fd1-baa2-24612bb91389
2026-04-17 14:44:54 [INFO] GET /jobs/b3f35c8b-d88d-4fd1-baa2-24612bb91389
2026-04-17 14:44:56 [INFO] GET /jobs/b3f35c8b-d88d-4fd1-baa2-24612bb91389
2026-04-17 14:44:56 [INFO] GET /jobs/queue
2026-04-17 14:44:58 [INFO] GET /jobs/b3f35c8b-d88d-4fd1-baa2-24612bb91389
2026-04-17 14:45:00 [INFO] GET /jobs/b3f35c8b-d88d-4fd1-baa2-24612bb91389
2026-04-17 14:45:01 [INFO] GET /jobs/queue
2026-04-17 14:45:02 [INFO] GET /jobs/b3f35c8b-d88d-4fd1-baa2-24612bb91389
2026-04-17 14:45:04 [INFO] GET /jobs/b3f35c8b-d88d-4fd1-baa2-24612bb91389
2026-04-17 14:45:06 [INFO] GET /jobs/b3f35c8b-d88d-4fd1-baa2-24612bb91389
2026-04-17 14:45:06 [INFO] GET /jobs/queue
2026-04-17 14:45:08 [INFO] GET /jobs/b3f35c8b-d88d-4fd1-baa2-24612bb91389
2026-04-17 14:45:10 [INFO] GET /jobs/b3f35c8b-d88d-4fd1-baa2-24612bb91389
2026-04-17 14:45:11 [INFO] GET /jobs/queue
2026-04-17 14:45:12 [INFO] GET /jobs/b3f35c8b-d88d-4fd1-baa2-24612bb91389
2026-04-17 14:45:14 [INFO] GET /jobs/b3f35c8b-d88d-4fd1-baa2-24612bb91389
2026-04-17 14:45:16 [INFO] GET /jobs/b3f35c8b-d88d-4fd1-baa2-24612bb91389
2026-04-17 14:45:16 [INFO] GET /jobs/queue
2026-04-17 14:45:18 [INFO] GET /jobs/b3f35c8b-d88d-4fd1-baa2-24612bb91389
2026-04-17 14:45:20 [INFO] GET /jobs/b3f35c8b-d88d-4fd1-baa2-24612bb91389
2026-04-17 14:45:21 [INFO] GET /jobs/queue
2026-04-17 14:45:22 [INFO] GET /jobs/b3f35c8b-d88d-4fd1-baa2-24612bb91389
2026-04-17 14:45:24 [INFO] GET /jobs/b3f35c8b-d88d-4fd1-baa2-24612bb91389
2026-04-17 14:45:26 [INFO] GET /jobs/b3f35c8b-d88d-4fd1-baa2-24612bb91389
2026-04-17 14:45:26 [INFO] GET /jobs/queue
2026-04-17 14:45:28 [INFO] GET /jobs/b3f35c8b-d88d-4fd1-baa2-24612bb91389
2026-04-17 14:45:30 [INFO] GET /jobs/b3f35c8b-d88d-4fd1-baa2-24612bb91389
2026-04-17 14:45:31 [INFO] GET /jobs/queue
2026-04-17 14:45:32 [INFO] GET /jobs/b3f35c8b-d88d-4fd1-baa2-24612bb91389
2026-04-17 14:45:34 [INFO] GET /jobs/b3f35c8b-d88d-4fd1-baa2-24612bb91389
2026-04-17 14:45:36 [INFO] GET /jobs/b3f35c8b-d88d-4fd1-baa2-24612bb91389
2026-04-17 14:45:36 [INFO] GET /jobs/queue
2026-04-17 14:45:38 [INFO] GET /jobs/b3f35c8b-d88d-4fd1-baa2-24612bb91389
2026-04-17 14:45:40 [INFO] GET /jobs/b3f35c8b-d88d-4fd1-baa2-24612bb91389
2026-04-17 14:45:41 [INFO] GET /jobs/queue
2026-04-17 14:45:42 [INFO] GET /jobs/b3f35c8b-d88d-4fd1-baa2-24612bb91389
2026-04-17 14:45:44 [INFO] GET /jobs/b3f35c8b-d88d-4fd1-baa2-24612bb91389
2026-04-17 14:45:46 [INFO] GET /jobs/b3f35c8b-d88d-4fd1-baa2-24612bb91389
2026-04-17 14:45:46 [INFO] GET /jobs/queue
2026-04-17 14:45:48 [INFO] GET /jobs/b3f35c8b-d88d-4fd1-baa2-24612bb91389
2026-04-17 14:45:50 [INFO] GET /jobs/b3f35c8b-d88d-4fd1-baa2-24612bb91389
2026-04-17 14:45:51 [INFO] GET /jobs/queue
2026-04-17 14:45:52 [INFO] GET /jobs/b3f35c8b-d88d-4fd1-baa2-24612bb91389
2026-04-17 14:45:54 [INFO] GET /jobs/b3f35c8b-d88d-4fd1-baa2-24612bb91389
2026-04-17 14:45:56 [INFO] GET /jobs/b3f35c8b-d88d-4fd1-baa2-24612bb91389
2026-04-17 14:45:56 [INFO] GET /jobs/queue
2026-04-17 14:45:58 [INFO] GET /jobs/b3f35c8b-d88d-4fd1-baa2-24612bb91389
2026-04-17 14:46:00 [INFO] GET /jobs/b3f35c8b-d88d-4fd1-baa2-24612bb91389
2026-04-17 14:46:01 [INFO] GET /jobs/queue
2026-04-17 14:46:02 [INFO] GET /jobs/b3f35c8b-d88d-4fd1-baa2-24612bb91389
2026-04-17 14:46:03 [INFO] GET /history/review/1
2026-04-17 14:46:03 [INFO] GET /jobs/active
2026-04-17 14:46:04 [INFO] GET /jobs/b3f35c8b-d88d-4fd1-baa2-24612bb91389
2026-04-17 14:46:06 [INFO] GET /jobs/b3f35c8b-d88d-4fd1-baa2-24612bb91389
2026-04-17 14:46:06 [INFO] GET /figures/1
2026-04-17 14:46:06 [INFO] GET /jobs/queue
2026-04-17 14:46:08 [INFO] GET /jobs/b3f35c8b-d88d-4fd1-baa2-24612bb91389
2026-04-17 14:46:10 [INFO] GET /jobs/b3f35c8b-d88d-4fd1-baa2-24612bb91389
2026-04-17 14:46:11 [INFO] GET /jobs/queue
2026-04-17 14:46:12 [INFO] GET /jobs/b3f35c8b-d88d-4fd1-baa2-24612bb91389
2026-04-17 14:46:14 [INFO] GET /history/book-stats/1
2026-04-17 14:46:14 [INFO] GET /history/coverage/1
2026-04-17 14:46:15 [INFO] POST /sync/book/1
2026-04-17 14:46:16 [INFO] Sync Buch 1 (Der Amoklauf): 25 Seiten, 5 Kapitel, 28167 Wörter, 8380 einzigartige, Ø 9.6 W/Satz
2026-04-17 14:46:16 [INFO] GET /history/book-stats/1
2026-04-17 14:46:16 [INFO] GET /history/coverage/1
2026-04-17 14:46:16 [INFO] GET /jobs/queue
2026-04-17 14:46:16 [INFO] GET /history/page-stats/1
2026-04-17 14:46:17 [INFO] GET /chat/sessions/book/1
2026-04-17 14:46:17 [INFO] GET /chat/session/1
2026-04-17 14:46:18 [INFO] GET /jobs/active
2026-04-17 14:46:18 [INFO] GET /figures/zeitstrahl/1
2026-04-17 14:46:19 [INFO] GET /figures/scenes/1
2026-04-17 14:46:19 [INFO] GET /locations/1
2026-04-17 14:46:20 [INFO] GET /history/review/1
2026-04-17 14:46:20 [INFO] GET /jobs/active
2026-04-17 14:46:21 [INFO] GET /locations/1
2026-04-17 14:46:21 [INFO] GET /jobs/queue
2026-04-17 14:46:26 [INFO] GET /jobs/queue
2026-04-17 14:46:31 [INFO] GET /history/review/1
2026-04-17 14:46:31 [INFO] GET /jobs/active
2026-04-17 14:46:31 [INFO] GET /jobs/queue
2026-04-17 14:46:33 [INFO] GET /jobs/active
2026-04-17 14:46:33 [INFO] GET /api/pages/54
2026-04-17 14:46:33 [INFO] GET /figures/chapter/1/4
2026-04-17 14:46:33 [INFO] GET /history/page/54
2026-04-17 14:46:34 [INFO] GET /jobs/active
2026-04-17 14:46:34 [INFO] GET /api/pages/56
2026-04-17 14:46:34 [INFO] GET /figures/chapter/1/4
2026-04-17 14:46:34 [INFO] GET /history/page/56
2026-04-17 14:46:36 [INFO] GET /jobs/queue
2026-04-17 14:46:38 [INFO] GET /
2026-04-17 14:46:38 [INFO] GET /style.css
2026-04-17 14:46:38 [INFO] GET /js/app.js
2026-04-17 14:46:38 [INFO] GET /bookstack_lektorat_icon.svg
2026-04-17 14:46:38 [INFO] GET /js/utils.js
2026-04-17 14:46:38 [INFO] GET /js/api-bookstack.js
2026-04-17 14:46:38 [INFO] GET /js/api-ai.js
2026-04-17 14:46:38 [INFO] GET /js/tree.js
2026-04-17 14:46:38 [INFO] GET /js/lektorat.js
2026-04-17 14:46:38 [INFO] GET /js/figuren.js
2026-04-17 14:46:38 [INFO] GET /js/bookstats.js
2026-04-17 14:46:38 [INFO] GET /js/prompts.js
2026-04-17 14:46:38 [INFO] GET /js/history.js
2026-04-17 14:46:38 [INFO] GET /js/review.js
2026-04-17 14:46:38 [INFO] GET /js/ereignisse.js
2026-04-17 14:46:38 [INFO] GET /js/graph.js
2026-04-17 14:46:38 [INFO] GET /js/chat.js
2026-04-17 14:46:38 [INFO] GET /js/book-chat.js
2026-04-17 14:46:38 [INFO] GET /js/szenen.js
2026-04-17 14:46:38 [INFO] GET /js/orte.js
2026-04-17 14:46:38 [INFO] GET /js/kontinuitaet.js
2026-04-17 14:46:38 [INFO] GET /js/book-settings.js
2026-04-17 14:46:38 [INFO] GET /js/page-view.js
2026-04-17 14:46:38 [INFO] GET /js/chat-base.js
2026-04-17 14:46:39 [INFO] GET /partials/buchreview.html
2026-04-17 14:46:39 [INFO] GET /partials/figuren.html
2026-04-17 14:46:39 [INFO] GET /partials/szenen.html
2026-04-17 14:46:39 [INFO] GET /partials/ereignisse.html
2026-04-17 14:46:39 [INFO] GET /partials/orte.html
2026-04-17 14:46:39 [INFO] GET /partials/bookstats.html
2026-04-17 14:46:39 [INFO] GET /partials/kontinuitaet.html
2026-04-17 14:46:39 [INFO] GET /partials/editor.html
2026-04-17 14:46:39 [INFO] GET /partials/chat.html
2026-04-17 14:46:39 [INFO] GET /partials/book-settings.html
2026-04-17 14:46:39 [INFO] GET /bookstack_lektorat_icon.ico
2026-04-17 14:46:39 [INFO] GET /config
2026-04-17 14:46:39 [INFO] GET /api/books
2026-04-17 14:46:39 [INFO] GET /api/chapters
2026-04-17 14:46:39 [INFO] GET /api/pages
2026-04-17 14:46:39 [INFO] POST /sync/pages/1
2026-04-17 14:46:39 [INFO] GET /sync/pages/1
2026-04-17 14:46:39 [INFO] GET /history/page-stats/1
2026-04-17 14:46:39 [INFO] GET /history/review/1
2026-04-17 14:46:39 [INFO] GET /figures/1
2026-04-17 14:46:39 [INFO] GET /jobs/last-run
2026-04-17 14:46:39 [INFO] GET /api/pages/3
2026-04-17 14:46:39 [INFO] GET /api/pages/2
2026-04-17 14:46:39 [INFO] GET /api/pages/5
2026-04-17 14:46:39 [INFO] GET /api/pages/17
2026-04-17 14:46:39 [INFO] GET /api/pages/23
2026-04-17 14:46:39 [INFO] pages-Cache Buch 1: 25 Seiten, 0 Vorschau(en) nachgeladen.
2026-04-17 14:46:39 [INFO] GET /jobs/queue
2026-04-17 14:46:39 [INFO] GET /jobs/active
2026-04-17 14:46:40 [INFO] POST /history/page-stats/batch
2026-04-17 14:46:40 [INFO] GET /api/pages/37
2026-04-17 14:46:40 [INFO] GET /api/pages/54
2026-04-17 14:46:40 [INFO] GET /api/pages/56
2026-04-17 14:46:40 [INFO] GET /api/pages/62
2026-04-17 14:46:40 [INFO] GET /api/pages/8
2026-04-17 14:46:41 [INFO] GET /jobs/b3f35c8b-d88d-4fd1-baa2-24612bb91389
2026-04-17 14:46:42 [INFO] GET /jobs/active
2026-04-17 14:46:42 [INFO] GET /api/pages/56
2026-04-17 14:46:42 [INFO] GET /history/page/56
2026-04-17 14:46:42 [INFO] GET /figures/chapter/1/4
2026-04-17 14:46:42 [INFO] POST /history/page-stats/batch
2026-04-17 14:46:42 [INFO] GET /api/pages/10
2026-04-17 14:46:42 [INFO] GET /api/pages/25
2026-04-17 14:46:42 [INFO] GET /api/pages/28
2026-04-17 14:46:42 [INFO] GET /api/pages/38
2026-04-17 14:46:42 [INFO] GET /api/pages/49
2026-04-17 14:46:43 [INFO] GET /jobs/b3f35c8b-d88d-4fd1-baa2-24612bb91389
2026-04-17 14:46:43 [INFO] POST /history/page-stats/batch
2026-04-17 14:46:43 [INFO] GET /api/pages/59
2026-04-17 14:46:43 [INFO] GET /api/pages/12
2026-04-17 14:46:43 [INFO] GET /api/pages/16
2026-04-17 14:46:43 [INFO] GET /api/pages/24
2026-04-17 14:46:43 [INFO] GET /api/pages/27
2026-04-17 14:46:44 [INFO] POST /history/page-stats/batch
2026-04-17 14:46:44 [INFO] GET /api/pages/29
2026-04-17 14:46:44 [INFO] GET /api/pages/55
2026-04-17 14:46:44 [INFO] GET /api/pages/20
2026-04-17 14:46:44 [INFO] GET /api/pages/26
2026-04-17 14:46:44 [INFO] GET /api/pages/22
2026-04-17 14:46:44 [INFO] POST /history/page-stats/batch
2026-04-17 14:46:44 [INFO] GET /jobs/queue
2026-04-17 14:46:45 [INFO] GET /jobs/b3f35c8b-d88d-4fd1-baa2-24612bb91389
2026-04-17 14:46:47 [INFO] GET /jobs/b3f35c8b-d88d-4fd1-baa2-24612bb91389
2026-04-17 14:46:49 [INFO] GET /jobs/queue
2026-04-17 14:46:49 [INFO] GET /jobs/b3f35c8b-d88d-4fd1-baa2-24612bb91389
2026-04-17 14:46:51 [INFO] GET /jobs/b3f35c8b-d88d-4fd1-baa2-24612bb91389
2026-04-17 14:46:53 [INFO] GET /jobs/b3f35c8b-d88d-4fd1-baa2-24612bb91389
2026-04-17 14:46:54 [INFO] GET /jobs/queue
2026-04-17 14:46:55 [INFO] GET /jobs/b3f35c8b-d88d-4fd1-baa2-24612bb91389
2026-04-17 14:46:57 [INFO] GET /jobs/b3f35c8b-d88d-4fd1-baa2-24612bb91389
2026-04-17 14:46:59 [INFO] GET /jobs/queue
2026-04-17 14:46:59 [INFO] GET /jobs/b3f35c8b-d88d-4fd1-baa2-24612bb91389
2026-04-17 14:47:01 [INFO] GET /jobs/b3f35c8b-d88d-4fd1-baa2-24612bb91389
2026-04-17 14:47:03 [INFO] GET /jobs/b3f35c8b-d88d-4fd1-baa2-24612bb91389
2026-04-17 14:47:04 [INFO] GET /jobs/queue
2026-04-17 14:47:05 [INFO] GET /jobs/b3f35c8b-d88d-4fd1-baa2-24612bb91389
2026-04-17 14:47:07 [INFO] GET /jobs/b3f35c8b-d88d-4fd1-baa2-24612bb91389
2026-04-17 14:47:09 [INFO] GET /jobs/queue
2026-04-17 14:47:09 [INFO] GET /jobs/b3f35c8b-d88d-4fd1-baa2-24612bb91389
2026-04-17 14:47:11 [INFO] GET /jobs/b3f35c8b-d88d-4fd1-baa2-24612bb91389
2026-04-17 14:47:12 [INFO] GET /jobs/active
2026-04-17 14:47:12 [INFO] GET /api/pages/54
2026-04-17 14:47:12 [INFO] GET /figures/chapter/1/4
2026-04-17 14:47:12 [INFO] GET /history/page/54
2026-04-17 14:47:13 [INFO] GET /jobs/b3f35c8b-d88d-4fd1-baa2-24612bb91389
2026-04-17 14:47:14 [INFO] GET /jobs/queue
2026-04-17 14:47:15 [INFO] POST /jobs/check
2026-04-17 14:47:15 [INFO] GET /jobs/b3f35c8b-d88d-4fd1-baa2-24612bb91389
2026-04-17 14:47:17 [INFO] GET /jobs/a72cdbcf-cc04-4fd5-8acb-bdd0d010b580
2026-04-17 14:47:17 [INFO] GET /jobs/b3f35c8b-d88d-4fd1-baa2-24612bb91389
2026-04-17 14:47:19 [INFO] GET /jobs/a72cdbcf-cc04-4fd5-8acb-bdd0d010b580
2026-04-17 14:47:19 [INFO] GET /jobs/queue
2026-04-17 14:47:19 [INFO] GET /jobs/b3f35c8b-d88d-4fd1-baa2-24612bb91389
2026-04-17 14:47:21 [INFO] GET /jobs/a72cdbcf-cc04-4fd5-8acb-bdd0d010b580
2026-04-17 14:47:21 [INFO] GET /jobs/b3f35c8b-d88d-4fd1-baa2-24612bb91389
2026-04-17 14:47:23 [INFO] GET /jobs/a72cdbcf-cc04-4fd5-8acb-bdd0d010b580
2026-04-17 14:47:23 [INFO] GET /jobs/b3f35c8b-d88d-4fd1-baa2-24612bb91389
2026-04-17 14:47:24 [INFO] GET /jobs/queue
2026-04-17 14:47:25 [INFO] GET /jobs/a72cdbcf-cc04-4fd5-8acb-bdd0d010b580
2026-04-17 14:47:25 [INFO] GET /jobs/b3f35c8b-d88d-4fd1-baa2-24612bb91389
2026-04-17 14:47:27 [INFO] GET /jobs/a72cdbcf-cc04-4fd5-8acb-bdd0d010b580
2026-04-17 14:47:27 [INFO] GET /jobs/b3f35c8b-d88d-4fd1-baa2-24612bb91389
2026-04-17 14:47:29 [INFO] GET /jobs/a72cdbcf-cc04-4fd5-8acb-bdd0d010b580
2026-04-17 14:47:29 [INFO] GET /jobs/queue
2026-04-17 14:47:29 [INFO] GET /jobs/b3f35c8b-d88d-4fd1-baa2-24612bb91389
2026-04-17 14:47:31 [INFO] GET /jobs/a72cdbcf-cc04-4fd5-8acb-bdd0d010b580
2026-04-17 14:47:31 [INFO] GET /jobs/b3f35c8b-d88d-4fd1-baa2-24612bb91389
2026-04-17 14:47:33 [INFO] GET /jobs/a72cdbcf-cc04-4fd5-8acb-bdd0d010b580
2026-04-17 14:47:33 [INFO] GET /jobs/b3f35c8b-d88d-4fd1-baa2-24612bb91389
2026-04-17 14:47:34 [INFO] GET /jobs/queue
2026-04-17 14:47:35 [INFO] GET /jobs/a72cdbcf-cc04-4fd5-8acb-bdd0d010b580
2026-04-17 14:47:35 [INFO] GET /jobs/b3f35c8b-d88d-4fd1-baa2-24612bb91389
2026-04-17 14:47:37 [INFO] GET /jobs/a72cdbcf-cc04-4fd5-8acb-bdd0d010b580
2026-04-17 14:47:37 [INFO] GET /jobs/b3f35c8b-d88d-4fd1-baa2-24612bb91389
2026-04-17 14:47:39 [INFO] GET /jobs/a72cdbcf-cc04-4fd5-8acb-bdd0d010b580
2026-04-17 14:47:39 [INFO] GET /jobs/queue
2026-04-17 14:47:39 [INFO] GET /jobs/b3f35c8b-d88d-4fd1-baa2-24612bb91389
2026-04-17 14:47:41 [INFO] GET /jobs/a72cdbcf-cc04-4fd5-8acb-bdd0d010b580
2026-04-17 14:47:41 [INFO] GET /jobs/b3f35c8b-d88d-4fd1-baa2-24612bb91389
2026-04-17 14:47:43 [INFO] GET /jobs/a72cdbcf-cc04-4fd5-8acb-bdd0d010b580
2026-04-17 14:47:43 [INFO] GET /jobs/b3f35c8b-d88d-4fd1-baa2-24612bb91389
2026-04-17 14:47:44 [INFO] GET /jobs/queue
2026-04-17 14:47:45 [INFO] GET /jobs/a72cdbcf-cc04-4fd5-8acb-bdd0d010b580
2026-04-17 14:47:45 [INFO] GET /jobs/b3f35c8b-d88d-4fd1-baa2-24612bb91389
2026-04-17 14:47:47 [INFO] GET /jobs/a72cdbcf-cc04-4fd5-8acb-bdd0d010b580
2026-04-17 14:47:47 [INFO] GET /jobs/b3f35c8b-d88d-4fd1-baa2-24612bb91389
2026-04-17 14:47:49 [INFO] GET /jobs/a72cdbcf-cc04-4fd5-8acb-bdd0d010b580
2026-04-17 14:47:49 [INFO] GET /jobs/queue
2026-04-17 14:47:49 [INFO] GET /jobs/b3f35c8b-d88d-4fd1-baa2-24612bb91389
2026-04-17 14:47:51 [INFO] GET /jobs/a72cdbcf-cc04-4fd5-8acb-bdd0d010b580
2026-04-17 14:47:51 [INFO] GET /jobs/b3f35c8b-d88d-4fd1-baa2-24612bb91389
2026-04-17 14:47:53 [INFO] GET /jobs/a72cdbcf-cc04-4fd5-8acb-bdd0d010b580
2026-04-17 14:47:53 [INFO] GET /jobs/b3f35c8b-d88d-4fd1-baa2-24612bb91389
2026-04-17 14:47:54 [INFO] GET /jobs/queue
2026-04-17 14:47:55 [INFO] GET /jobs/a72cdbcf-cc04-4fd5-8acb-bdd0d010b580
2026-04-17 14:47:55 [INFO] GET /jobs/b3f35c8b-d88d-4fd1-baa2-24612bb91389
2026-04-17 14:47:57 [INFO] GET /jobs/a72cdbcf-cc04-4fd5-8acb-bdd0d010b580
2026-04-17 14:47:57 [INFO] GET /jobs/b3f35c8b-d88d-4fd1-baa2-24612bb91389
2026-04-17 14:47:59 [INFO] GET /jobs/a72cdbcf-cc04-4fd5-8acb-bdd0d010b580
2026-04-17 14:47:59 [INFO] GET /jobs/queue
2026-04-17 14:47:59 [INFO] GET /jobs/b3f35c8b-d88d-4fd1-baa2-24612bb91389
2026-04-17 14:48:01 [INFO] GET /jobs/a72cdbcf-cc04-4fd5-8acb-bdd0d010b580
2026-04-17 14:48:01 [INFO] GET /jobs/b3f35c8b-d88d-4fd1-baa2-24612bb91389
2026-04-17 14:48:03 [INFO] GET /jobs/a72cdbcf-cc04-4fd5-8acb-bdd0d010b580
2026-04-17 14:48:03 [INFO] GET /jobs/b3f35c8b-d88d-4fd1-baa2-24612bb91389
2026-04-17 14:48:04 [INFO] GET /jobs/queue
2026-04-17 14:48:05 [INFO] GET /jobs/a72cdbcf-cc04-4fd5-8acb-bdd0d010b580
2026-04-17 14:48:05 [INFO] GET /jobs/b3f35c8b-d88d-4fd1-baa2-24612bb91389
2026-04-17 14:48:07 [INFO] GET /jobs/a72cdbcf-cc04-4fd5-8acb-bdd0d010b580
2026-04-17 14:48:07 [INFO] GET /jobs/b3f35c8b-d88d-4fd1-baa2-24612bb91389
2026-04-17 14:48:09 [INFO] GET /jobs/a72cdbcf-cc04-4fd5-8acb-bdd0d010b580
2026-04-17 14:48:09 [INFO] GET /jobs/queue
2026-04-17 14:48:09 [INFO] GET /jobs/b3f35c8b-d88d-4fd1-baa2-24612bb91389
2026-04-17 14:48:11 [INFO] GET /jobs/a72cdbcf-cc04-4fd5-8acb-bdd0d010b580
2026-04-17 14:48:11 [INFO] GET /jobs/b3f35c8b-d88d-4fd1-baa2-24612bb91389
2026-04-17 14:48:13 [INFO] GET /jobs/a72cdbcf-cc04-4fd5-8acb-bdd0d010b580
2026-04-17 14:48:13 [INFO] GET /jobs/b3f35c8b-d88d-4fd1-baa2-24612bb91389
2026-04-17 14:48:14 [INFO] GET /jobs/queue
2026-04-17 14:48:15 [INFO] GET /jobs/a72cdbcf-cc04-4fd5-8acb-bdd0d010b580
2026-04-17 14:48:15 [INFO] GET /jobs/b3f35c8b-d88d-4fd1-baa2-24612bb91389
2026-04-17 14:48:17 [INFO] GET /jobs/a72cdbcf-cc04-4fd5-8acb-bdd0d010b580
2026-04-17 14:48:17 [INFO] GET /jobs/b3f35c8b-d88d-4fd1-baa2-24612bb91389
2026-04-17 14:48:20 [INFO] GET /jobs/a72cdbcf-cc04-4fd5-8acb-bdd0d010b580
2026-04-17 14:48:20 [INFO] GET /jobs/queue
2026-04-17 14:48:20 [INFO] GET /jobs/b3f35c8b-d88d-4fd1-baa2-24612bb91389
2026-04-17 14:48:22 [INFO] GET /jobs/a72cdbcf-cc04-4fd5-8acb-bdd0d010b580
2026-04-17 14:48:22 [INFO] GET /jobs/b3f35c8b-d88d-4fd1-baa2-24612bb91389
2026-04-17 14:48:24 [INFO] GET /jobs/a72cdbcf-cc04-4fd5-8acb-bdd0d010b580
2026-04-17 14:48:24 [INFO] GET /jobs/b3f35c8b-d88d-4fd1-baa2-24612bb91389
2026-04-17 14:48:25 [INFO] GET /jobs/queue
2026-04-17 14:48:26 [INFO] GET /jobs/a72cdbcf-cc04-4fd5-8acb-bdd0d010b580
2026-04-17 14:48:26 [INFO] GET /jobs/b3f35c8b-d88d-4fd1-baa2-24612bb91389
2026-04-17 14:48:28 [INFO] GET /jobs/a72cdbcf-cc04-4fd5-8acb-bdd0d010b580
2026-04-17 14:48:28 [INFO] GET /jobs/b3f35c8b-d88d-4fd1-baa2-24612bb91389
2026-04-17 14:48:30 [INFO] GET /jobs/a72cdbcf-cc04-4fd5-8acb-bdd0d010b580
2026-04-17 14:48:30 [INFO] GET /jobs/b3f35c8b-d88d-4fd1-baa2-24612bb91389
2026-04-17 14:48:30 [INFO] GET /jobs/queue
2026-04-17 14:48:32 [INFO] GET /jobs/a72cdbcf-cc04-4fd5-8acb-bdd0d010b580
2026-04-17 14:48:32 [INFO] GET /jobs/b3f35c8b-d88d-4fd1-baa2-24612bb91389
2026-04-17 14:48:34 [INFO] GET /jobs/a72cdbcf-cc04-4fd5-8acb-bdd0d010b580
2026-04-17 14:48:34 [INFO] GET /jobs/b3f35c8b-d88d-4fd1-baa2-24612bb91389
2026-04-17 14:48:35 [INFO] GET /jobs/queue
2026-04-17 14:48:36 [INFO] GET /jobs/a72cdbcf-cc04-4fd5-8acb-bdd0d010b580
2026-04-17 14:48:36 [INFO] GET /jobs/b3f35c8b-d88d-4fd1-baa2-24612bb91389
2026-04-17 14:48:38 [INFO] GET /jobs/a72cdbcf-cc04-4fd5-8acb-bdd0d010b580
2026-04-17 14:48:38 [INFO] GET /jobs/b3f35c8b-d88d-4fd1-baa2-24612bb91389
2026-04-17 14:48:40 [INFO] GET /jobs/a72cdbcf-cc04-4fd5-8acb-bdd0d010b580
2026-04-17 14:48:40 [INFO] GET /jobs/b3f35c8b-d88d-4fd1-baa2-24612bb91389
2026-04-17 14:48:40 [INFO] GET /jobs/queue
2026-04-17 14:48:42 [INFO] GET /jobs/a72cdbcf-cc04-4fd5-8acb-bdd0d010b580
2026-04-17 14:48:42 [INFO] GET /jobs/b3f35c8b-d88d-4fd1-baa2-24612bb91389
2026-04-17 14:48:44 [INFO] GET /jobs/a72cdbcf-cc04-4fd5-8acb-bdd0d010b580
2026-04-17 14:48:44 [INFO] GET /jobs/b3f35c8b-d88d-4fd1-baa2-24612bb91389
2026-04-17 14:48:44 [INFO] GET /jobs/queue
2026-04-17 14:48:45 [INFO] GET /jobs/a72cdbcf-cc04-4fd5-8acb-bdd0d010b580
2026-04-17 14:48:45 [INFO] GET /jobs/b3f35c8b-d88d-4fd1-baa2-24612bb91389
2026-04-17 14:48:47 [INFO] GET /jobs/a72cdbcf-cc04-4fd5-8acb-bdd0d010b580
2026-04-17 14:48:47 [INFO] GET /jobs/b3f35c8b-d88d-4fd1-baa2-24612bb91389
2026-04-17 14:48:49 [INFO] GET /jobs/a72cdbcf-cc04-4fd5-8acb-bdd0d010b580
2026-04-17 14:48:49 [INFO] GET /jobs/queue
2026-04-17 14:48:49 [INFO] GET /jobs/b3f35c8b-d88d-4fd1-baa2-24612bb91389
2026-04-17 14:48:50 [INFO] GET /figures/1
2026-04-17 14:48:51 [INFO] GET /jobs/b3f35c8b-d88d-4fd1-baa2-24612bb91389
2026-04-17 14:48:53 [INFO] GET /jobs/b3f35c8b-d88d-4fd1-baa2-24612bb91389
2026-04-17 14:48:54 [INFO] GET /jobs/queue
2026-04-17 14:48:55 [INFO] GET /jobs/b3f35c8b-d88d-4fd1-baa2-24612bb91389
2026-04-17 14:48:57 [INFO] GET /jobs/b3f35c8b-d88d-4fd1-baa2-24612bb91389
2026-04-17 14:48:59 [INFO] GET /jobs/queue
2026-04-17 14:48:59 [INFO] GET /jobs/b3f35c8b-d88d-4fd1-baa2-24612bb91389
2026-04-17 14:49:01 [INFO] GET /jobs/b3f35c8b-d88d-4fd1-baa2-24612bb91389
2026-04-17 14:49:03 [INFO] GET /jobs/b3f35c8b-d88d-4fd1-baa2-24612bb91389
2026-04-17 14:49:04 [INFO] GET /jobs/queue
2026-04-17 14:49:05 [INFO] GET /jobs/b3f35c8b-d88d-4fd1-baa2-24612bb91389
2026-04-17 14:49:07 [INFO] GET /jobs/b3f35c8b-d88d-4fd1-baa2-24612bb91389
2026-04-17 14:49:09 [INFO] GET /jobs/queue
2026-04-17 14:49:09 [INFO] GET /jobs/b3f35c8b-d88d-4fd1-baa2-24612bb91389
2026-04-17 14:49:11 [INFO] GET /jobs/b3f35c8b-d88d-4fd1-baa2-24612bb91389
2026-04-17 14:49:13 [INFO] GET /jobs/b3f35c8b-d88d-4fd1-baa2-24612bb91389
2026-04-17 14:49:14 [INFO] GET /jobs/queue
2026-04-17 14:49:15 [INFO] GET /jobs/b3f35c8b-d88d-4fd1-baa2-24612bb91389
2026-04-17 14:49:17 [INFO] GET /jobs/b3f35c8b-d88d-4fd1-baa2-24612bb91389
2026-04-17 14:49:19 [INFO] GET /jobs/queue
2026-04-17 14:49:19 [INFO] GET /jobs/b3f35c8b-d88d-4fd1-baa2-24612bb91389
2026-04-17 14:49:21 [INFO] GET /jobs/b3f35c8b-d88d-4fd1-baa2-24612bb91389
2026-04-17 14:49:23 [INFO] GET /jobs/b3f35c8b-d88d-4fd1-baa2-24612bb91389
2026-04-17 14:49:24 [INFO] GET /jobs/queue
2026-04-17 14:49:25 [INFO] GET /jobs/b3f35c8b-d88d-4fd1-baa2-24612bb91389
2026-04-17 14:49:27 [INFO] GET /jobs/b3f35c8b-d88d-4fd1-baa2-24612bb91389
2026-04-17 14:49:29 [INFO] GET /jobs/queue
2026-04-17 14:49:29 [INFO] GET /jobs/b3f35c8b-d88d-4fd1-baa2-24612bb91389
2026-04-17 14:49:31 [INFO] GET /jobs/b3f35c8b-d88d-4fd1-baa2-24612bb91389
2026-04-17 14:49:33 [INFO] GET /jobs/b3f35c8b-d88d-4fd1-baa2-24612bb91389
2026-04-17 14:49:34 [INFO] GET /jobs/queue
2026-04-17 14:49:35 [INFO] GET /jobs/b3f35c8b-d88d-4fd1-baa2-24612bb91389
2026-04-17 14:49:37 [INFO] GET /jobs/b3f35c8b-d88d-4fd1-baa2-24612bb91389
2026-04-17 14:49:39 [INFO] GET /jobs/queue
2026-04-17 14:49:39 [INFO] GET /jobs/b3f35c8b-d88d-4fd1-baa2-24612bb91389
2026-04-17 14:49:41 [INFO] GET /jobs/b3f35c8b-d88d-4fd1-baa2-24612bb91389
2026-04-17 14:49:43 [INFO] GET /jobs/b3f35c8b-d88d-4fd1-baa2-24612bb91389
2026-04-17 14:49:44 [INFO] GET /jobs/queue
2026-04-17 14:49:45 [INFO] GET /jobs/b3f35c8b-d88d-4fd1-baa2-24612bb91389
2026-04-17 14:49:47 [INFO] GET /jobs/b3f35c8b-d88d-4fd1-baa2-24612bb91389
2026-04-17 14:49:49 [INFO] GET /jobs/queue
2026-04-17 14:49:49 [INFO] GET /jobs/b3f35c8b-d88d-4fd1-baa2-24612bb91389
2026-04-17 14:49:51 [INFO] GET /jobs/b3f35c8b-d88d-4fd1-baa2-24612bb91389
2026-04-17 14:49:53 [INFO] GET /jobs/b3f35c8b-d88d-4fd1-baa2-24612bb91389
2026-04-17 14:49:54 [INFO] GET /jobs/queue
2026-04-17 14:49:55 [INFO] GET /jobs/b3f35c8b-d88d-4fd1-baa2-24612bb91389
2026-04-17 14:49:57 [INFO] GET /jobs/b3f35c8b-d88d-4fd1-baa2-24612bb91389
2026-04-17 14:49:59 [INFO] GET /jobs/queue
2026-04-17 14:49:59 [INFO] GET /jobs/b3f35c8b-d88d-4fd1-baa2-24612bb91389
2026-04-17 14:50:01 [INFO] GET /jobs/b3f35c8b-d88d-4fd1-baa2-24612bb91389
2026-04-17 14:50:03 [INFO] GET /jobs/b3f35c8b-d88d-4fd1-baa2-24612bb91389
2026-04-17 14:50:04 [INFO] GET /jobs/queue
2026-04-17 14:50:05 [INFO] GET /jobs/b3f35c8b-d88d-4fd1-baa2-24612bb91389
2026-04-17 14:50:07 [INFO] GET /jobs/b3f35c8b-d88d-4fd1-baa2-24612bb91389
2026-04-17 14:50:09 [INFO] GET /jobs/queue
2026-04-17 14:50:09 [INFO] GET /jobs/b3f35c8b-d88d-4fd1-baa2-24612bb91389
2026-04-17 14:50:11 [INFO] GET /jobs/b3f35c8b-d88d-4fd1-baa2-24612bb91389
2026-04-17 14:50:13 [INFO] GET /jobs/b3f35c8b-d88d-4fd1-baa2-24612bb91389
2026-04-17 14:50:14 [INFO] GET /jobs/queue
2026-04-17 14:50:15 [INFO] GET /jobs/b3f35c8b-d88d-4fd1-baa2-24612bb91389
2026-04-17 14:50:17 [INFO] GET /jobs/b3f35c8b-d88d-4fd1-baa2-24612bb91389
2026-04-17 14:50:19 [INFO] GET /jobs/queue
2026-04-17 14:50:19 [INFO] GET /jobs/b3f35c8b-d88d-4fd1-baa2-24612bb91389
2026-04-17 14:50:21 [INFO] GET /jobs/b3f35c8b-d88d-4fd1-baa2-24612bb91389
2026-04-17 14:50:23 [INFO] GET /jobs/b3f35c8b-d88d-4fd1-baa2-24612bb91389
2026-04-17 14:50:24 [INFO] GET /jobs/queue
2026-04-17 14:50:25 [INFO] GET /jobs/b3f35c8b-d88d-4fd1-baa2-24612bb91389
2026-04-17 14:50:27 [INFO] GET /jobs/b3f35c8b-d88d-4fd1-baa2-24612bb91389
2026-04-17 14:50:29 [INFO] GET /jobs/queue
2026-04-17 14:50:29 [INFO] GET /jobs/b3f35c8b-d88d-4fd1-baa2-24612bb91389
2026-04-17 14:50:31 [INFO] GET /jobs/b3f35c8b-d88d-4fd1-baa2-24612bb91389
2026-04-17 14:50:33 [INFO] GET /jobs/b3f35c8b-d88d-4fd1-baa2-24612bb91389
2026-04-17 14:50:34 [INFO] GET /jobs/queue
2026-04-17 14:50:35 [INFO] GET /jobs/b3f35c8b-d88d-4fd1-baa2-24612bb91389
2026-04-17 14:50:37 [INFO] GET /jobs/b3f35c8b-d88d-4fd1-baa2-24612bb91389
2026-04-17 14:50:39 [INFO] GET /jobs/queue
2026-04-17 14:50:39 [INFO] GET /jobs/b3f35c8b-d88d-4fd1-baa2-24612bb91389
2026-04-17 14:50:41 [INFO] GET /jobs/b3f35c8b-d88d-4fd1-baa2-24612bb91389
2026-04-17 14:50:43 [INFO] GET /jobs/b3f35c8b-d88d-4fd1-baa2-24612bb91389
2026-04-17 14:50:44 [INFO] GET /jobs/queue
2026-04-17 14:50:45 [INFO] GET /jobs/b3f35c8b-d88d-4fd1-baa2-24612bb91389
2026-04-17 14:50:47 [INFO] GET /jobs/b3f35c8b-d88d-4fd1-baa2-24612bb91389
2026-04-17 14:50:49 [INFO] GET /jobs/queue
2026-04-17 14:50:49 [INFO] GET /jobs/b3f35c8b-d88d-4fd1-baa2-24612bb91389
2026-04-17 14:50:51 [INFO] GET /jobs/b3f35c8b-d88d-4fd1-baa2-24612bb91389
2026-04-17 14:50:53 [INFO] GET /jobs/b3f35c8b-d88d-4fd1-baa2-24612bb91389
2026-04-17 14:50:54 [INFO] GET /jobs/queue
2026-04-17 14:50:55 [INFO] GET /jobs/b3f35c8b-d88d-4fd1-baa2-24612bb91389
2026-04-17 14:50:57 [INFO] GET /jobs/b3f35c8b-d88d-4fd1-baa2-24612bb91389
2026-04-17 14:50:59 [INFO] GET /jobs/queue
2026-04-17 14:50:59 [INFO] GET /jobs/b3f35c8b-d88d-4fd1-baa2-24612bb91389
2026-04-17 14:51:01 [INFO] GET /jobs/b3f35c8b-d88d-4fd1-baa2-24612bb91389
2026-04-17 14:51:03 [INFO] GET /jobs/b3f35c8b-d88d-4fd1-baa2-24612bb91389
2026-04-17 14:51:04 [INFO] GET /jobs/queue
2026-04-17 14:51:05 [INFO] GET /jobs/b3f35c8b-d88d-4fd1-baa2-24612bb91389
2026-04-17 14:51:07 [INFO] GET /jobs/b3f35c8b-d88d-4fd1-baa2-24612bb91389
2026-04-17 14:51:09 [INFO] GET /jobs/queue
2026-04-17 14:51:09 [INFO] GET /jobs/b3f35c8b-d88d-4fd1-baa2-24612bb91389
2026-04-17 14:51:11 [INFO] GET /jobs/b3f35c8b-d88d-4fd1-baa2-24612bb91389
2026-04-17 14:51:13 [INFO] GET /jobs/b3f35c8b-d88d-4fd1-baa2-24612bb91389
2026-04-17 14:51:14 [INFO] GET /jobs/queue
2026-04-17 14:51:15 [INFO] GET /jobs/b3f35c8b-d88d-4fd1-baa2-24612bb91389
2026-04-17 14:51:17 [INFO] GET /jobs/b3f35c8b-d88d-4fd1-baa2-24612bb91389
2026-04-17 14:51:19 [INFO] GET /jobs/queue
2026-04-17 14:51:19 [INFO] GET /jobs/b3f35c8b-d88d-4fd1-baa2-24612bb91389
2026-04-17 14:51:21 [INFO] GET /jobs/b3f35c8b-d88d-4fd1-baa2-24612bb91389
2026-04-17 14:51:23 [INFO] GET /jobs/b3f35c8b-d88d-4fd1-baa2-24612bb91389
2026-04-17 14:51:24 [INFO] GET /jobs/queue
2026-04-17 14:51:25 [INFO] GET /jobs/b3f35c8b-d88d-4fd1-baa2-24612bb91389
2026-04-17 14:51:27 [INFO] GET /jobs/b3f35c8b-d88d-4fd1-baa2-24612bb91389
2026-04-17 14:51:29 [INFO] GET /jobs/queue
2026-04-17 14:51:29 [INFO] GET /jobs/b3f35c8b-d88d-4fd1-baa2-24612bb91389
2026-04-17 14:51:31 [INFO] GET /jobs/b3f35c8b-d88d-4fd1-baa2-24612bb91389
2026-04-17 14:51:33 [INFO] GET /jobs/b3f35c8b-d88d-4fd1-baa2-24612bb91389
2026-04-17 14:51:34 [INFO] GET /jobs/queue
2026-04-17 14:51:35 [INFO] GET /jobs/b3f35c8b-d88d-4fd1-baa2-24612bb91389
2026-04-17 14:51:37 [INFO] GET /jobs/b3f35c8b-d88d-4fd1-baa2-24612bb91389
2026-04-17 14:51:39 [INFO] GET /jobs/queue
2026-04-17 14:51:39 [INFO] GET /jobs/b3f35c8b-d88d-4fd1-baa2-24612bb91389
2026-04-17 14:51:41 [INFO] GET /jobs/b3f35c8b-d88d-4fd1-baa2-24612bb91389
2026-04-17 14:51:43 [INFO] GET /jobs/b3f35c8b-d88d-4fd1-baa2-24612bb91389
2026-04-17 14:51:44 [INFO] GET /jobs/queue
2026-04-17 14:51:45 [INFO] GET /jobs/b3f35c8b-d88d-4fd1-baa2-24612bb91389
2026-04-17 14:51:47 [INFO] GET /jobs/b3f35c8b-d88d-4fd1-baa2-24612bb91389
2026-04-17 14:51:49 [INFO] GET /jobs/queue
2026-04-17 14:51:49 [INFO] GET /jobs/b3f35c8b-d88d-4fd1-baa2-24612bb91389
2026-04-17 14:51:51 [INFO] GET /jobs/b3f35c8b-d88d-4fd1-baa2-24612bb91389
2026-04-17 14:51:53 [INFO] GET /jobs/b3f35c8b-d88d-4fd1-baa2-24612bb91389
2026-04-17 14:51:54 [INFO] GET /jobs/queue
2026-04-17 14:51:55 [INFO] GET /jobs/b3f35c8b-d88d-4fd1-baa2-24612bb91389
